<?xml version="1.0" encoding="UTF-8"?>
<testsuite xmlns:xsi="http://www.w3.org/2001/XMLSchema-instance" xsi:noNamespaceSchemaLocation="https://maven.apache.org/surefire/maven-surefire-plugin/xsd/surefire-test-report.xsd" name="com.fidelity.services.SimpleDataSourceTest" time="0.114" tests="2" errors="0" skipped="0" failures="0">
  <properties>
[...]
</properties>
  <testcase name="testDataSourceCreated" classname="com.fidelity.services.SimpleDataSourceTest" time="0"/>
  <testcase name="testConnectionCreated" classname="com.fidelity.services.SimpleDataSourceTest" time="0.113"/>
</testsuite>